<?xml version="1.0" encoding="UTF-8"?>
<testsuite xmlns:xsi="http://www.w3.org/2001/XMLSchema-instance" xsi:noNamespaceSchemaLocation="https://maven.apache.org/surefire/maven-surefire-plugin/xsd/surefire-test-report-3.0.xsd" version="3.0" name="TestRunner.Run" time="7.456" tests="15" errors="15" skipped="0" failures="0">
  <properties>
[...]
</properties>
  <testcase name="Sucessful login with valid UserID and Valid Password" classname="User login to google" time="2.445">
    <error message="Could not start a new session. Response code 500. Message: session not created: This version of ChromeDriver only supports Chrome version 114&#10;Current browser version is 128.0.6613.138 with binary path C:\Program Files\Google\Chrome\Application\chrome.exe &#10;Host info: host: &apos;DESKTOP-OOIG3LG&apos;, ip: &apos;192.168.1.3&apos;&#10;Build info: version: &apos;4.22.0&apos;, revision: &apos;c5f3146703*&apos;&#10;System info: os.name: &apos;Windows 11&apos;, os.arch: &apos;amd64&apos;, os.version: &apos;10.0&apos;, java.version: &apos;22.0.1&apos;&#10;Driver info: org.openqa.selenium.chrome.ChromeDriver&#10;Command: [null, newSession {capabilities=[Capabilities {browserName: chrome, goog:chromeOptions: {args: [], extensions: []}}]}]" type="org.openqa.selenium.SessionNotCreatedException"><![CDATA[org.openqa.selenium.SessionNotCreatedException: 
Could not start a new session. Response code 500. Message: session not created: This version of ChromeDriver only supports Chrome version 114
Current browser version is 128.0.6613.138 with binary path C:\Program Files\Google\Chrome\Application\chrome.exe 
Host info: host: 'DESKTOP-OOIG3LG', ip: '192.168.1.3'
Build info: version: '4.22.0', revision: 'c5f3146703*'
System info: os.name: 'Windows 11', os.arch: 'amd64', os.version: '10.0', java.version: '22.0.1'
Driver info: org.openqa.selenium.chrome.ChromeDriver
Command: [null, newSession {capabilities=[Capabilities {browserName: chrome, goog:chromeOptions: {args: [], extensions: []}}]}]
	at org.openqa.selenium.remote.ProtocolHandshake.createSession(ProtocolHandshake.java:114)
	at org.openqa.selenium.remote.ProtocolHandshake.createSession(ProtocolHandshake.java:75)
	at org.openqa.selenium.remote.ProtocolHandshake.createSession(ProtocolHandshake.java:61)
	at org.openqa.selenium.remote.HttpCommandExecutor.execute(HttpCommandExecutor.java:162)
	at org.openqa.selenium.remote.service.DriverCommandExecutor.invokeExecute(DriverCommandExecutor.java:216)
	at org.openqa.selenium.remote.service.DriverCommandExecutor.execute(DriverCommandExecutor.java:174)
	at org.openqa.selenium.remote.RemoteWebDriver.execute(RemoteWebDriver.java:518)
	at org.openqa.selenium.remote.RemoteWebDriver.startSession(RemoteWebDriver.java:232)
	at org.openqa.selenium.remote.RemoteWebDriver.<init>(RemoteWebDriver.java:161)
	at org.openqa.selenium.chromium.ChromiumDriver.<init>(ChromiumDriver.java:114)
	at org.openqa.selenium.chrome.ChromeDriver.<init>(ChromeDriver.java:88)
	at org.openqa.selenium.chrome.ChromeDriver.<init>(ChromeDriver.java:83)
	at org.openqa.selenium.chrome.ChromeDriver.<init>(ChromeDriver.java:51)
	at StepDefinition.StepDef.setUp(StepDef.java:43)
]]></error>
    <system-out><![CDATA[
@tag
Scenario: Sucessful login with valid UserID and Valid Password                  # Features/HomePage.feature:22
      org.openqa.selenium.SessionNotCreatedException: Could not start a new session. Response code 500. Message: session not created: This version of ChromeDriver only supports Chrome version 114
Current browser version is 128.0.6613.138 with binary path C:\Program Files\Google\Chrome\Application\chrome.exe 
Host info: host: 'DESKTOP-OOIG3LG', ip: '192.168.1.3'
Build info: version: '4.22.0', revision: 'c5f3146703*'
System info: os.name: 'Windows 11', os.arch: 'amd64', os.version: '10.0', java.version: '22.0.1'
Driver info: org.openqa.selenium.chrome.ChromeDriver
Command: [null, newSession {capabilities=[Capabilities {browserName: chrome, goog:chromeOptions: {args: [], extensions: []}}]}]
	at org.openqa.selenium.remote.ProtocolHandshake.createSession(ProtocolHandshake.java:114)
	at org.openqa.selenium.remote.ProtocolHandshake.createSession(ProtocolHandshake.java:75)
	at org.openqa.selenium.remote.ProtocolHandshake.createSession(ProtocolHandshake.java:61)
	at org.openqa.selenium.remote.HttpCommandExecutor.execute(HttpCommandExecutor.java:162)
	at org.openqa.selenium.remote.service.DriverCommandExecutor.invokeExecute(DriverCommandExecutor.java:216)
	at org.openqa.selenium.remote.service.DriverCommandExecutor.execute(DriverCommandExecutor.java:174)
	at org.openqa.selenium.remote.RemoteWebDriver.execute(RemoteWebDriver.java:518)
	at org.openqa.selenium.remote.RemoteWebDriver.startSession(RemoteWebDriver.java:232)
	at org.openqa.selenium.remote.RemoteWebDriver.<init>(RemoteWebDriver.java:161)
	at org.openqa.selenium.chromium.ChromiumDriver.<init>(ChromiumDriver.java:114)
	at org.openqa.selenium.chrome.ChromeDriver.<init>(ChromeDriver.java:88)
	at org.openqa.selenium.chrome.ChromeDriver.<init>(ChromeDriver.java:83)
	at org.openqa.selenium.chrome.ChromeDriver.<init>(ChromeDriver.java:51)
	at StepDefinition.StepDef.setUp(StepDef.java:43)

  Given User launch Chrome browser                                              # StepDefinition.StepDef.user_launch_chrome_browser()
  When User opens URL "https://www.saucedemo.com/"                              # StepDefinition.StepDef.user_opens_url(java.lang.String)
  And User enter valid userID as "standard_user" and password as "secret_sauce" # StepDefinition.StepDef.user_enter_valid_user_id_as_and_password_as(java.lang.String,java.lang.String)
  And User clicks on login button.                                              # StepDefinition.StepDef.user_clicks_on_login_button()
  And Page title should be "Swag Labs"                                          # StepDefinition.StepDef.page_title_should_be(java.lang.String)
      java.lang.NullPointerException: Cannot invoke "org.openqa.selenium.TakesScreenshot.getScreenshotAs(org.openqa.selenium.OutputType)" because "TS" is null
	at StepDefinition.StepDef.tearDown(StepDef.java:144)

      java.lang.NullPointerException: Cannot invoke "org.openqa.selenium.WebDriver.quit()" because "this.driver" is null
	at StepDefinition.StepDef.closeWindow(StepDef.java:157)

]]></system-out>
    <system-err><![CDATA[SLF4J: Failed to load class "org.slf4j.impl.StaticLoggerBinder".
SLF4J: Defaulting to no-operation (NOP) logger implementation
SLF4J: See http://www.slf4j.org/codes.html#StaticLoggerBinder for further details.
]]></system-err>
  </testcase>
  <testcase name="Sucessful login with valid UserID and Valid Password" classname="User login to google" time="2.445">
    <error message="Cannot invoke &quot;org.openqa.selenium.TakesScreenshot.getScreenshotAs(org.openqa.selenium.OutputType)&quot; because &quot;TS&quot; is null" type="java.lang.NullPointerException"><![CDATA[java.lang.NullPointerException: Cannot invoke "org.openqa.selenium.TakesScreenshot.getScreenshotAs(org.openqa.selenium.OutputType)" because "TS" is null
	at StepDefinition.StepDef.tearDown(StepDef.java:144)
]]></error>
  </testcase>
  <testcase name="Sucessful login with valid UserID and Valid Password" classname="User login to google" time="2.445">
    <error message="Cannot invoke &quot;org.openqa.selenium.WebDriver.quit()&quot; because &quot;this.driver&quot; is null" type="java.lang.NullPointerException"><![CDATA[java.lang.NullPointerException: Cannot invoke "org.openqa.selenium.WebDriver.quit()" because "this.driver" is null
	at StepDefinition.StepDef.closeWindow(StepDef.java:157)
]]></error>
  </testcase>
  <testcase name="Sucessful login with valid UserID and Valid Password" classname="Login to testautmation websites" time="0.969">
    <error message="Could not start a new session. Response code 500. Message: session not created: This version of ChromeDriver only supports Chrome version 114&#10;Current browser version is 128.0.6613.138 with binary path C:\Program Files\Google\Chrome\Application\chrome.exe &#10;Host info: host: &apos;DESKTOP-OOIG3LG&apos;, ip: &apos;192.168.1.3&apos;&#10;Build info: version: &apos;4.22.0&apos;, revision: &apos;c5f3146703*&apos;&#10;System info: os.name: &apos;Windows 11&apos;, os.arch: &apos;amd64&apos;, os.version: &apos;10.0&apos;, java.version: &apos;22.0.1&apos;&#10;Driver info: org.openqa.selenium.chrome.ChromeDriver&#10;Command: [null, newSession {capabilities=[Capabilities {browserName: chrome, goog:chromeOptions: {args: [], extensions: []}}]}]" type="org.openqa.selenium.SessionNotCreatedException"><![CDATA[org.openqa.selenium.SessionNotCreatedException: 
Could not start a new session. Response code 500. Message: session not created: This version of ChromeDriver only supports Chrome version 114
Current browser version is 128.0.6613.138 with binary path C:\Program Files\Google\Chrome\Application\chrome.exe 
Host info: host: 'DESKTOP-OOIG3LG', ip: '192.168.1.3'
Build info: version: '4.22.0', revision: 'c5f3146703*'
System info: os.name: 'Windows 11', os.arch: 'amd64', os.version: '10.0', java.version: '22.0.1'
Driver info: org.openqa.selenium.chrome.ChromeDriver
Command: [null, newSession {capabilities=[Capabilities {browserName: chrome, goog:chromeOptions: {args: [], extensions: []}}]}]
	at org.openqa.selenium.remote.ProtocolHandshake.createSession(ProtocolHandshake.java:114)
	at org.openqa.selenium.remote.ProtocolHandshake.createSession(ProtocolHandshake.java:75)
	at org.openqa.selenium.remote.ProtocolHandshake.createSession(ProtocolHandshake.java:61)
	at org.openqa.selenium.remote.HttpCommandExecutor.execute(HttpCommandExecutor.java:162)
	at org.openqa.selenium.remote.service.DriverCommandExecutor.invokeExecute(DriverCommandExecutor.java:216)
	at org.openqa.selenium.remote.service.DriverCommandExecutor.execute(DriverCommandExecutor.java:174)
	at org.openqa.selenium.remote.RemoteWebDriver.execute(RemoteWebDriver.java:518)
	at org.openqa.selenium.remote.RemoteWebDriver.startSession(RemoteWebDriver.java:232)
	at org.openqa.selenium.remote.RemoteWebDriver.<init>(RemoteWebDriver.java:161)
	at org.openqa.selenium.chromium.ChromiumDriver.<init>(ChromiumDriver.java:114)
	at org.openqa.selenium.chrome.ChromeDriver.<init>(ChromeDriver.java:88)
	at org.openqa.selenium.chrome.ChromeDriver.<init>(ChromeDriver.java:83)
	at org.openqa.selenium.chrome.ChromeDriver.<init>(ChromeDriver.java:51)
	at StepDefinition.StepDef.setUp(StepDef.java:43)
]]></error>
    <system-out><![CDATA[
Scenario: Sucessful login with valid UserID and Valid Password                  # Features/LoginFeature.feature:3
      org.openqa.selenium.SessionNotCreatedException: Could not start a new session. Response code 500. Message: session not created: This version of ChromeDriver only supports Chrome version 114
Current browser version is 128.0.6613.138 with binary path C:\Program Files\Google\Chrome\Application\chrome.exe 
Host info: host: 'DESKTOP-OOIG3LG', ip: '192.168.1.3'
Build info: version: '4.22.0', revision: 'c5f3146703*'
System info: os.name: 'Windows 11', os.arch: 'amd64', os.version: '10.0', java.version: '22.0.1'
Driver info: org.openqa.selenium.chrome.ChromeDriver
Command: [null, newSession {capabilities=[Capabilities {browserName: chrome, goog:chromeOptions: {args: [], extensions: []}}]}]
	at org.openqa.selenium.remote.ProtocolHandshake.createSession(ProtocolHandshake.java:114)
	at org.openqa.selenium.remote.ProtocolHandshake.createSession(ProtocolHandshake.java:75)
	at org.openqa.selenium.remote.ProtocolHandshake.createSession(ProtocolHandshake.java:61)
	at org.openqa.selenium.remote.HttpCommandExecutor.execute(HttpCommandExecutor.java:162)
	at org.openqa.selenium.remote.service.DriverCommandExecutor.invokeExecute(DriverCommandExecutor.java:216)
	at org.openqa.selenium.remote.service.DriverCommandExecutor.execute(DriverCommandExecutor.java:174)
	at org.openqa.selenium.remote.RemoteWebDriver.execute(RemoteWebDriver.java:518)
	at org.openqa.selenium.remote.RemoteWebDriver.startSession(RemoteWebDriver.java:232)
	at org.openqa.selenium.remote.RemoteWebDriver.<init>(RemoteWebDriver.java:161)
	at org.openqa.selenium.chromium.ChromiumDriver.<init>(ChromiumDriver.java:114)
	at org.openqa.selenium.chrome.ChromeDriver.<init>(ChromeDriver.java:88)
	at org.openqa.selenium.chrome.ChromeDriver.<init>(ChromeDriver.java:83)
	at org.openqa.selenium.chrome.ChromeDriver.<init>(ChromeDriver.java:51)
	at StepDefinition.StepDef.setUp(StepDef.java:43)

  Given User launch Chrome browser                                              # StepDefinition.StepDef.user_launch_chrome_browser()
  When User opens URL "https://www.saucedemo.com/"                              # StepDefinition.StepDef.user_opens_url(java.lang.String)
  And User enter valid userID as "standard_user" and password as "secret_sauce" # StepDefinition.StepDef.user_enter_valid_user_id_as_and_password_as(java.lang.String,java.lang.String)
  And User clicks on login button.                                              # StepDefinition.StepDef.user_clicks_on_login_button()
  Then Page title should be "Swag Labs"                                         # StepDefinition.StepDef.page_title_should_be(java.lang.String)
      java.lang.NullPointerException: Cannot invoke "org.openqa.selenium.TakesScreenshot.getScreenshotAs(org.openqa.selenium.OutputType)" because "TS" is null
	at StepDefinition.StepDef.tearDown(StepDef.java:144)

      java.lang.NullPointerException: Cannot invoke "org.openqa.selenium.WebDriver.quit()" because "this.driver" is null
	at StepDefinition.StepDef.closeWindow(StepDef.java:157)

]]></system-out>
  </testcase>
  <testcase name="Sucessful login with valid UserID and Valid Password" classname="Login to testautmation websites" time="0.969">
    <error message="Cannot invoke &quot;org.openqa.selenium.TakesScreenshot.getScreenshotAs(org.openqa.selenium.OutputType)&quot; because &quot;TS&quot; is null" type="java.lang.NullPointerException"><![CDATA[java.lang.NullPointerException: Cannot invoke "org.openqa.selenium.TakesScreenshot.getScreenshotAs(org.openqa.selenium.OutputType)" because "TS" is null
	at StepDefinition.StepDef.tearDown(StepDef.java:144)
]]></error>
  </testcase>
  <testcase name="Sucessful login with valid UserID and Valid Password" classname="Login to testautmation websites" time="0.969">
    <error message="Cannot invoke &quot;org.openqa.selenium.WebDriver.quit()&quot; because &quot;this.driver&quot; is null" type="java.lang.NullPointerException"><![CDATA[java.lang.NullPointerException: Cannot invoke "org.openqa.selenium.WebDriver.quit()" because "this.driver" is null
	at StepDefinition.StepDef.closeWindow(StepDef.java:157)
]]></error>
  </testcase>
  <testcase name="Sucessful login with valid UserID and Valid Password with ddt #1" classname="Login to testautmation websites" time="1.043">
    <error message="Could not start a new session. Response code 500. Message: session not created: This version of ChromeDriver only supports Chrome version 114&#10;Current browser version is 128.0.6613.138 with binary path C:\Program Files\Google\Chrome\Application\chrome.exe &#10;Host info: host: &apos;DESKTOP-OOIG3LG&apos;, ip: &apos;192.168.1.3&apos;&#10;Build info: version: &apos;4.22.0&apos;, revision: &apos;c5f3146703*&apos;&#10;System info: os.name: &apos;Windows 11&apos;, os.arch: &apos;amd64&apos;, os.version: &apos;10.0&apos;, java.version: &apos;22.0.1&apos;&#10;Driver info: org.openqa.selenium.chrome.ChromeDriver&#10;Command: [null, newSession {capabilities=[Capabilities {browserName: chrome, goog:chromeOptions: {args: [], extensions: []}}]}]" type="org.openqa.selenium.SessionNotCreatedException"><![CDATA[org.openqa.selenium.SessionNotCreatedException: 
Could not start a new session. Response code 500. Message: session not created: This version of ChromeDriver only supports Chrome version 114
Current browser version is 128.0.6613.138 with binary path C:\Program Files\Google\Chrome\Application\chrome.exe 
Host info: host: 'DESKTOP-OOIG3LG', ip: '192.168.1.3'
Build info: version: '4.22.0', revision: 'c5f3146703*'
System info: os.name: 'Windows 11', os.arch: 'amd64', os.version: '10.0', java.version: '22.0.1'
Driver info: org.openqa.selenium.chrome.ChromeDriver
Command: [null, newSession {capabilities=[Capabilities {browserName: chrome, goog:chromeOptions: {args: [], extensions: []}}]}]
	at org.openqa.selenium.remote.ProtocolHandshake.createSession(ProtocolHandshake.java:114)
	at org.openqa.selenium.remote.ProtocolHandshake.createSession(ProtocolHandshake.java:75)
	at org.openqa.selenium.remote.ProtocolHandshake.createSession(ProtocolHandshake.java:61)
	at org.openqa.selenium.remote.HttpCommandExecutor.execute(HttpCommandExecutor.java:162)
	at org.openqa.selenium.remote.service.DriverCommandExecutor.invokeExecute(DriverCommandExecutor.java:216)
	at org.openqa.selenium.remote.service.DriverCommandExecutor.execute(DriverCommandExecutor.java:174)
	at org.openqa.selenium.remote.RemoteWebDriver.execute(RemoteWebDriver.java:518)
	at org.openqa.selenium.remote.RemoteWebDriver.startSession(RemoteWebDriver.java:232)
	at org.openqa.selenium.remote.RemoteWebDriver.<init>(RemoteWebDriver.java:161)
	at org.openqa.selenium.chromium.ChromiumDriver.<init>(ChromiumDriver.java:114)
	at org.openqa.selenium.chrome.ChromeDriver.<init>(ChromeDriver.java:88)
	at org.openqa.selenium.chrome.ChromeDriver.<init>(ChromeDriver.java:83)
	at org.openqa.selenium.chrome.ChromeDriver.<init>(ChromeDriver.java:51)
	at StepDefinition.StepDef.setUp(StepDef.java:43)
]]></error>
    <system-out><![CDATA[
Scenario Outline: Sucessful login with valid UserID and Valid Password with ddt # Features/LoginFeature.feature:20
      org.openqa.selenium.SessionNotCreatedException: Could not start a new session. Response code 500. Message: session not created: This version of ChromeDriver only supports Chrome version 114
Current browser version is 128.0.6613.138 with binary path C:\Program Files\Google\Chrome\Application\chrome.exe 
Host info: host: 'DESKTOP-OOIG3LG', ip: '192.168.1.3'
Build info: version: '4.22.0', revision: 'c5f3146703*'
System info: os.name: 'Windows 11', os.arch: 'amd64', os.version: '10.0', java.version: '22.0.1'
Driver info: org.openqa.selenium.chrome.ChromeDriver
Command: [null, newSession {capabilities=[Capabilities {browserName: chrome, goog:chromeOptions: {args: [], extensions: []}}]}]
	at org.openqa.selenium.remote.ProtocolHandshake.createSession(ProtocolHandshake.java:114)
	at org.openqa.selenium.remote.ProtocolHandshake.createSession(ProtocolHandshake.java:75)
	at org.openqa.selenium.remote.ProtocolHandshake.createSession(ProtocolHandshake.java:61)
	at org.openqa.selenium.remote.HttpCommandExecutor.execute(HttpCommandExecutor.java:162)
	at org.openqa.selenium.remote.service.DriverCommandExecutor.invokeExecute(DriverCommandExecutor.java:216)
	at org.openqa.selenium.remote.service.DriverCommandExecutor.execute(DriverCommandExecutor.java:174)
	at org.openqa.selenium.remote.RemoteWebDriver.execute(RemoteWebDriver.java:518)
	at org.openqa.selenium.remote.RemoteWebDriver.startSession(RemoteWebDriver.java:232)
	at org.openqa.selenium.remote.RemoteWebDriver.<init>(RemoteWebDriver.java:161)
	at org.openqa.selenium.chromium.ChromiumDriver.<init>(ChromiumDriver.java:114)
	at org.openqa.selenium.chrome.ChromeDriver.<init>(ChromeDriver.java:88)
	at org.openqa.selenium.chrome.ChromeDriver.<init>(ChromeDriver.java:83)
	at org.openqa.selenium.chrome.ChromeDriver.<init>(ChromeDriver.java:51)
	at StepDefinition.StepDef.setUp(StepDef.java:43)

  Given User launch Chrome browser                                              # StepDefinition.StepDef.user_launch_chrome_browser()
  When User opens URL "https://www.saucedemo.com/"                              # StepDefinition.StepDef.user_opens_url(java.lang.String)
  And User enter valid userID as "standard_user" and password as "secret_sauce" # StepDefinition.StepDef.user_enter_valid_user_id_as_and_password_as(java.lang.String,java.lang.String)
  And User clicks on login button.                                              # StepDefinition.StepDef.user_clicks_on_login_button()
  Then Page title should be "Swag Labs"                                         # StepDefinition.StepDef.page_title_should_be(java.lang.String)
      java.lang.NullPointerException: Cannot invoke "org.openqa.selenium.TakesScreenshot.getScreenshotAs(org.openqa.selenium.OutputType)" because "TS" is null
	at StepDefinition.StepDef.tearDown(StepDef.java:144)

      java.lang.NullPointerException: Cannot invoke "org.openqa.selenium.WebDriver.quit()" because "this.driver" is null
	at StepDefinition.StepDef.closeWindow(StepDef.java:157)

]]></system-out>
  </testcase>
  <testcase name="Sucessful login with valid UserID and Valid Password with ddt #1" classname="Login to testautmation websites" time="1.043">
    <error message="Cannot invoke &quot;org.openqa.selenium.TakesScreenshot.getScreenshotAs(org.openqa.selenium.OutputType)&quot; because &quot;TS&quot; is null" type="java.lang.NullPointerException"><![CDATA[java.lang.NullPointerException: Cannot invoke "org.openqa.selenium.TakesScreenshot.getScreenshotAs(org.openqa.selenium.OutputType)" because "TS" is null
	at StepDefinition.StepDef.tearDown(StepDef.java:144)
]]></error>
  </testcase>
  <testcase name="Sucessful login with valid UserID and Valid Password with ddt #1" classname="Login to testautmation websites" time="1.043">
    <error message="Cannot invoke &quot;org.openqa.selenium.WebDriver.quit()&quot; because &quot;this.driver&quot; is null" type="java.lang.NullPointerException"><![CDATA[java.lang.NullPointerException: Cannot invoke "org.openqa.selenium.WebDriver.quit()" because "this.driver" is null
	at StepDefinition.StepDef.closeWindow(StepDef.java:157)
]]></error>
  </testcase>
  <testcase name="Sucessful login with valid UserID and Valid Password with ddt #2" classname="Login to testautmation websites" time="1.001">
    <error message="Could not start a new session. Response code 500. Message: session not created: This version of ChromeDriver only supports Chrome version 114&#10;Current browser version is 128.0.6613.138 with binary path C:\Program Files\Google\Chrome\Application\chrome.exe &#10;Host info: host: &apos;DESKTOP-OOIG3LG&apos;, ip: &apos;192.168.1.3&apos;&#10;Build info: version: &apos;4.22.0&apos;, revision: &apos;c5f3146703*&apos;&#10;System info: os.name: &apos;Windows 11&apos;, os.arch: &apos;amd64&apos;, os.version: &apos;10.0&apos;, java.version: &apos;22.0.1&apos;&#10;Driver info: org.openqa.selenium.chrome.ChromeDriver&#10;Command: [null, newSession {capabilities=[Capabilities {browserName: chrome, goog:chromeOptions: {args: [], extensions: []}}]}]" type="org.openqa.selenium.SessionNotCreatedException"><![CDATA[org.openqa.selenium.SessionNotCreatedException: 
Could not start a new session. Response code 500. Message: session not created: This version of ChromeDriver only supports Chrome version 114
Current browser version is 128.0.6613.138 with binary path C:\Program Files\Google\Chrome\Application\chrome.exe 
Host info: host: 'DESKTOP-OOIG3LG', ip: '192.168.1.3'
Build info: version: '4.22.0', revision: 'c5f3146703*'
System info: os.name: 'Windows 11', os.arch: 'amd64', os.version: '10.0', java.version: '22.0.1'
Driver info: org.openqa.selenium.chrome.ChromeDriver
Command: [null, newSession {capabilities=[Capabilities {browserName: chrome, goog:chromeOptions: {args: [], extensions: []}}]}]
	at org.openqa.selenium.remote.ProtocolHandshake.createSession(ProtocolHandshake.java:114)
	at org.openqa.selenium.remote.ProtocolHandshake.createSession(ProtocolHandshake.java:75)
	at org.openqa.selenium.remote.ProtocolHandshake.createSession(ProtocolHandshake.java:61)
	at org.openqa.selenium.remote.HttpCommandExecutor.execute(HttpCommandExecutor.java:162)
	at org.openqa.selenium.remote.service.DriverCommandExecutor.invokeExecute(DriverCommandExecutor.java:216)
	at org.openqa.selenium.remote.service.DriverCommandExecutor.execute(DriverCommandExecutor.java:174)
	at org.openqa.selenium.remote.RemoteWebDriver.execute(RemoteWebDriver.java:518)
	at org.openqa.selenium.remote.RemoteWebDriver.startSession(RemoteWebDriver.java:232)
	at org.openqa.selenium.remote.RemoteWebDriver.<init>(RemoteWebDriver.java:161)
	at org.openqa.selenium.chromium.ChromiumDriver.<init>(ChromiumDriver.java:114)
	at org.openqa.selenium.chrome.ChromeDriver.<init>(ChromeDriver.java:88)
	at org.openqa.selenium.chrome.ChromeDriver.<init>(ChromeDriver.java:83)
	at org.openqa.selenium.chrome.ChromeDriver.<init>(ChromeDriver.java:51)
	at StepDefinition.StepDef.setUp(StepDef.java:43)
]]></error>
    <system-out><![CDATA[
Scenario Outline: Sucessful login with valid UserID and Valid Password with ddt   # Features/LoginFeature.feature:21
      org.openqa.selenium.SessionNotCreatedException: Could not start a new session. Response code 500. Message: session not created: This version of ChromeDriver only supports Chrome version 114
Current browser version is 128.0.6613.138 with binary path C:\Program Files\Google\Chrome\Application\chrome.exe 
Host info: host: 'DESKTOP-OOIG3LG', ip: '192.168.1.3'
Build info: version: '4.22.0', revision: 'c5f3146703*'
System info: os.name: 'Windows 11', os.arch: 'amd64', os.version: '10.0', java.version: '22.0.1'
Driver info: org.openqa.selenium.chrome.ChromeDriver
Command: [null, newSession {capabilities=[Capabilities {browserName: chrome, goog:chromeOptions: {args: [], extensions: []}}]}]
	at org.openqa.selenium.remote.ProtocolHandshake.createSession(ProtocolHandshake.java:114)
	at org.openqa.selenium.remote.ProtocolHandshake.createSession(ProtocolHandshake.java:75)
	at org.openqa.selenium.remote.ProtocolHandshake.createSession(ProtocolHandshake.java:61)
	at org.openqa.selenium.remote.HttpCommandExecutor.execute(HttpCommandExecutor.java:162)
	at org.openqa.selenium.remote.service.DriverCommandExecutor.invokeExecute(DriverCommandExecutor.java:216)
	at org.openqa.selenium.remote.service.DriverCommandExecutor.execute(DriverCommandExecutor.java:174)
	at org.openqa.selenium.remote.RemoteWebDriver.execute(RemoteWebDriver.java:518)
	at org.openqa.selenium.remote.RemoteWebDriver.startSession(RemoteWebDriver.java:232)
	at org.openqa.selenium.remote.RemoteWebDriver.<init>(RemoteWebDriver.java:161)
	at org.openqa.selenium.chromium.ChromiumDriver.<init>(ChromiumDriver.java:114)
	at org.openqa.selenium.chrome.ChromeDriver.<init>(ChromeDriver.java:88)
	at org.openqa.selenium.chrome.ChromeDriver.<init>(ChromeDriver.java:83)
	at org.openqa.selenium.chrome.ChromeDriver.<init>(ChromeDriver.java:51)
	at StepDefinition.StepDef.setUp(StepDef.java:43)

  Given User launch Chrome browser                                                # StepDefinition.StepDef.user_launch_chrome_browser()
  When User opens URL "https://www.saucedemo.com/"                                # StepDefinition.StepDef.user_opens_url(java.lang.String)
  And User enter valid userID as "locked_out_user" and password as "secret_sauce" # StepDefinition.StepDef.user_enter_valid_user_id_as_and_password_as(java.lang.String,java.lang.String)
  And User clicks on login button.                                                # StepDefinition.StepDef.user_clicks_on_login_button()
  Then Page title should be "Swag Labs"                                           # StepDefinition.StepDef.page_title_should_be(java.lang.String)
      java.lang.NullPointerException: Cannot invoke "org.openqa.selenium.TakesScreenshot.getScreenshotAs(org.openqa.selenium.OutputType)" because "TS" is null
	at StepDefinition.StepDef.tearDown(StepDef.java:144)

      java.lang.NullPointerException: Cannot invoke "org.openqa.selenium.WebDriver.quit()" because "this.driver" is null
	at StepDefinition.StepDef.closeWindow(StepDef.java:157)

]]></system-out>
  </testcase>
  <testcase name="Sucessful login with valid UserID and Valid Password with ddt #2" classname="Login to testautmation websites" time="1.001">
    <error message="Cannot invoke &quot;org.openqa.selenium.TakesScreenshot.getScreenshotAs(org.openqa.selenium.OutputType)&quot; because &quot;TS&quot; is null" type="java.lang.NullPointerException"><![CDATA[java.lang.NullPointerException: Cannot invoke "org.openqa.selenium.TakesScreenshot.getScreenshotAs(org.openqa.selenium.OutputType)" because "TS" is null
	at StepDefinition.StepDef.tearDown(StepDef.java:144)
]]></error>
  </testcase>
  <testcase name="Sucessful login with valid UserID and Valid Password with ddt #2" classname="Login to testautmation websites" time="1.001">
    <error message="Cannot invoke &quot;org.openqa.selenium.WebDriver.quit()&quot; because &quot;this.driver&quot; is null" type="java.lang.NullPointerException"><![CDATA[java.lang.NullPointerException: Cannot invoke "org.openqa.selenium.WebDriver.quit()" because "this.driver" is null
	at StepDefinition.StepDef.closeWindow(StepDef.java:157)
]]></error>
  </testcase>
  <testcase name="Sucessful login with valid UserID and Valid Password with ddt #3" classname="Login to testautmation websites" time="1.023">
    <error message="Could not start a new session. Response code 500. Message: session not created: This version of ChromeDriver only supports Chrome version 114&#10;Current browser version is 128.0.6613.138 with binary path C:\Program Files\Google\Chrome\Application\chrome.exe &#10;Host info: host: &apos;DESKTOP-OOIG3LG&apos;, ip: &apos;192.168.1.3&apos;&#10;Build info: version: &apos;4.22.0&apos;, revision: &apos;c5f3146703*&apos;&#10;System info: os.name: &apos;Windows 11&apos;, os.arch: &apos;amd64&apos;, os.version: &apos;10.0&apos;, java.version: &apos;22.0.1&apos;&#10;Driver info: org.openqa.selenium.chrome.ChromeDriver&#10;Command: [null, newSession {capabilities=[Capabilities {browserName: chrome, goog:chromeOptions: {args: [], extensions: []}}]}]" type="org.openqa.selenium.SessionNotCreatedException"><![CDATA[org.openqa.selenium.SessionNotCreatedException: 
Could not start a new session. Response code 500. Message: session not created: This version of ChromeDriver only supports Chrome version 114
Current browser version is 128.0.6613.138 with binary path C:\Program Files\Google\Chrome\Application\chrome.exe 
Host info: host: 'DESKTOP-OOIG3LG', ip: '192.168.1.3'
Build info: version: '4.22.0', revision: 'c5f3146703*'
System info: os.name: 'Windows 11', os.arch: 'amd64', os.version: '10.0', java.version: '22.0.1'
Driver info: org.openqa.selenium.chrome.ChromeDriver
Command: [null, newSession {capabilities=[Capabilities {browserName: chrome, goog:chromeOptions: {args: [], extensions: []}}]}]
	at org.openqa.selenium.remote.ProtocolHandshake.createSession(ProtocolHandshake.java:114)
	at org.openqa.selenium.remote.ProtocolHandshake.createSession(ProtocolHandshake.java:75)
	at org.openqa.selenium.remote.ProtocolHandshake.createSession(ProtocolHandshake.java:61)
	at org.openqa.selenium.remote.HttpCommandExecutor.execute(HttpCommandExecutor.java:162)
	at org.openqa.selenium.remote.service.DriverCommandExecutor.invokeExecute(DriverCommandExecutor.java:216)
	at org.openqa.selenium.remote.service.DriverCommandExecutor.execute(DriverCommandExecutor.java:174)
	at org.openqa.selenium.remote.RemoteWebDriver.execute(RemoteWebDriver.java:518)
	at org.openqa.selenium.remote.RemoteWebDriver.startSession(RemoteWebDriver.java:232)
	at org.openqa.selenium.remote.RemoteWebDriver.<init>(RemoteWebDriver.java:161)
	at org.openqa.selenium.chromium.ChromiumDriver.<init>(ChromiumDriver.java:114)
	at org.openqa.selenium.chrome.ChromeDriver.<init>(ChromeDriver.java:88)
	at org.openqa.selenium.chrome.ChromeDriver.<init>(ChromeDriver.java:83)
	at org.openqa.selenium.chrome.ChromeDriver.<init>(ChromeDriver.java:51)
	at StepDefinition.StepDef.setUp(StepDef.java:43)
]]></error>
    <system-out><![CDATA[
Scenario Outline: Sucessful login with valid UserID and Valid Password with ddt # Features/LoginFeature.feature:22
      org.openqa.selenium.SessionNotCreatedException: Could not start a new session. Response code 500. Message: session not created: This version of ChromeDriver only supports Chrome version 114
Current browser version is 128.0.6613.138 with binary path C:\Program Files\Google\Chrome\Application\chrome.exe 
Host info: host: 'DESKTOP-OOIG3LG', ip: '192.168.1.3'
Build info: version: '4.22.0', revision: 'c5f3146703*'
System info: os.name: 'Windows 11', os.arch: 'amd64', os.version: '10.0', java.version: '22.0.1'
Driver info: org.openqa.selenium.chrome.ChromeDriver
Command: [null, newSession {capabilities=[Capabilities {browserName: chrome, goog:chromeOptions: {args: [], extensions: []}}]}]
	at org.openqa.selenium.remote.ProtocolHandshake.createSession(ProtocolHandshake.java:114)
	at org.openqa.selenium.remote.ProtocolHandshake.createSession(ProtocolHandshake.java:75)
	at org.openqa.selenium.remote.ProtocolHandshake.createSession(ProtocolHandshake.java:61)
	at org.openqa.selenium.remote.HttpCommandExecutor.execute(HttpCommandExecutor.java:162)
	at org.openqa.selenium.remote.service.DriverCommandExecutor.invokeExecute(DriverCommandExecutor.java:216)
	at org.openqa.selenium.remote.service.DriverCommandExecutor.execute(DriverCommandExecutor.java:174)
	at org.openqa.selenium.remote.RemoteWebDriver.execute(RemoteWebDriver.java:518)
	at org.openqa.selenium.remote.RemoteWebDriver.startSession(RemoteWebDriver.java:232)
	at org.openqa.selenium.remote.RemoteWebDriver.<init>(RemoteWebDriver.java:161)
	at org.openqa.selenium.chromium.ChromiumDriver.<init>(ChromiumDriver.java:114)
	at org.openqa.selenium.chrome.ChromeDriver.<init>(ChromeDriver.java:88)
	at org.openqa.selenium.chrome.ChromeDriver.<init>(ChromeDriver.java:83)
	at org.openqa.selenium.chrome.ChromeDriver.<init>(ChromeDriver.java:51)
	at StepDefinition.StepDef.setUp(StepDef.java:43)

  Given User launch Chrome browser                                              # StepDefinition.StepDef.user_launch_chrome_browser()
  When User opens URL "https://www.saucedemo.com/"                              # StepDefinition.StepDef.user_opens_url(java.lang.String)
  And User enter valid userID as "problem_user" and password as "secret_sauce"  # StepDefinition.StepDef.user_enter_valid_user_id_as_and_password_as(java.lang.String,java.lang.String)
  And User clicks on login button.                                              # StepDefinition.StepDef.user_clicks_on_login_button()
  Then Page title should be "Swag Labs"                                         # StepDefinition.StepDef.page_title_should_be(java.lang.String)
      java.lang.NullPointerException: Cannot invoke "org.openqa.selenium.TakesScreenshot.getScreenshotAs(org.openqa.selenium.OutputType)" because "TS" is null
	at StepDefinition.StepDef.tearDown(StepDef.java:144)

      java.lang.NullPointerException: Cannot invoke "org.openqa.selenium.WebDriver.quit()" because "this.driver" is null
	at StepDefinition.StepDef.closeWindow(StepDef.java:157)

]]></system-out>
  </testcase>
  <testcase name="Sucessful login with valid UserID and Valid Password with ddt #3" classname="Login to testautmation websites" time="1.023">
    <error message="Cannot invoke &quot;org.openqa.selenium.TakesScreenshot.getScreenshotAs(org.openqa.selenium.OutputType)&quot; because &quot;TS&quot; is null" type="java.lang.NullPointerException"><![CDATA[java.lang.NullPointerException: Cannot invoke "org.openqa.selenium.TakesScreenshot.getScreenshotAs(org.openqa.selenium.OutputType)" because "TS" is null
	at StepDefinition.StepDef.tearDown(StepDef.java:144)
]]></error>
  </testcase>
  <testcase name="Sucessful login with valid UserID and Valid Password with ddt #3" classname="Login to testautmation websites" time="1.023">
    <error message="Cannot invoke &quot;org.openqa.selenium.WebDriver.quit()&quot; because &quot;this.driver&quot; is null" type="java.lang.NullPointerException"><![CDATA[java.lang.NullPointerException: Cannot invoke "org.openqa.selenium.WebDriver.quit()" because "this.driver" is null
	at StepDefinition.StepDef.closeWindow(StepDef.java:157)
]]></error>
  </testcase>
</testsuite>