<?xml version="1.0" encoding="UTF-8"?>
<testsuite xmlns:xsi="http://www.w3.org/2001/XMLSchema-instance" xsi:noNamespaceSchemaLocation="https://maven.apache.org/surefire/maven-surefire-plugin/xsd/surefire-test-report-3.0.xsd" version="3.0" name="TestRunner.Run" time="51.527" tests="5" errors="0" skipped="0" failures="0">
  <properties>
[...]
</properties>
  <testcase name="Sucessful login with valid UserID and Valid Password" classname="User login to google" time="18.28">
    <system-out><![CDATA[
@tag
Scenario: Sucessful login with valid UserID and Valid Password                  # Features/HomePage.feature:22
  Given User launch Chrome browser                                              # StepDefinition.StepDef.user_launch_chrome_browser()
  When User opens URL "https://www.saucedemo.com/"                              # StepDefinition.StepDef.user_opens_url(java.lang.String)
  And User enter valid userID as "standard_user" and password as "secret_sauce" # StepDefinition.StepDef.user_enter_valid_user_id_as_and_password_as(java.lang.String,java.lang.String)
  And User clicks on login button.                                              # StepDefinition.StepDef.user_clicks_on_login_button()
  And Page title should be "Swag Labs"                                          # StepDefinition.StepDef.page_title_should_be(java.lang.String)
  And User clicks on three horizontal bar                                       # StepDefinition.StepDef.user_clicks_on_three_horizontal_bar()
  And User clicks on about                                                      # StepDefinition.StepDef.user_clicks_on_about()
  And User clicks on products                                                   # StepDefinition.StepDef.user_clicks_on_products()
  And User clicks on platform for test                                          # StepDefinition.StepDef.user_clicks_on_platform_for_test()
  And User clicks on request a demo                                             # StepDefinition.StepDef.user_clicks_on_request_a_demo()
]]></system-out>
    <system-err><![CDATA[SLF4J: Failed to load class "org.slf4j.impl.StaticLoggerBinder".
SLF4J: Defaulting to no-operation (NOP) logger implementation
SLF4J: See http://www.slf4j.org/codes.html#StaticLoggerBinder for further details.
Feb 04, 2026 4:10:04 PM org.openqa.selenium.devtools.CdpVersionFinder findNearestMatch
WARNING: Unable to find CDP implementation matching 114
Feb 04, 2026 4:10:04 PM org.openqa.selenium.chromium.ChromiumDriver lambda$new$5
WARNING: Unable to find version of CDP to use for 114.0.5735.199. You may need to include a dependency on a specific version of the CDP using something similar to `org.seleniumhq.selenium:selenium-devtools-v86:4.22.0` where the version ("v86") matches the version of the chromium-based browser you're using and the version number of the artifact is the same as Selenium's.
Feb 04, 2026 4:10:06 PM org.openqa.selenium.devtools.CdpVersionFinder findNearestMatch
WARNING: Unable to find CDP implementation matching 114
Feb 04, 2026 4:10:06 PM org.openqa.selenium.chromium.ChromiumDriver lambda$new$5
WARNING: Unable to find version of CDP to use for 114.0.5735.199. You may need to include a dependency on a specific version of the CDP using something similar to `org.seleniumhq.selenium:selenium-devtools-v86:4.22.0` where the version ("v86") matches the version of the chromium-based browser you're using and the version number of the artifact is the same as Selenium's.
]]></system-err>
  </testcase>
  <testcase name="Sucessful login with valid UserID and Valid Password" classname="Login to testautmation websites" time="8.721">
    <system-out><![CDATA[
Scenario: Sucessful login with valid UserID and Valid Password                  # Features/LoginFeature.feature:3
  Given User launch Chrome browser                                              # StepDefinition.StepDef.user_launch_chrome_browser()
  When User opens URL "https://www.saucedemo.com/"                              # StepDefinition.StepDef.user_opens_url(java.lang.String)
  And User enter valid userID as "standard_user" and password as "secret_sauce" # StepDefinition.StepDef.user_enter_valid_user_id_as_and_password_as(java.lang.String,java.lang.String)
  And User clicks on login button.                                              # StepDefinition.StepDef.user_clicks_on_login_button()
  Then Page title should be "Swag Labs"                                         # StepDefinition.StepDef.page_title_should_be(java.lang.String)
]]></system-out>
    <system-err><![CDATA[Feb 04, 2026 4:10:19 PM org.openqa.selenium.devtools.CdpVersionFinder findNearestMatch
WARNING: Unable to find CDP implementation matching 114
Feb 04, 2026 4:10:19 PM org.openqa.selenium.chromium.ChromiumDriver lambda$new$5
WARNING: Unable to find version of CDP to use for 114.0.5735.199. You may need to include a dependency on a specific version of the CDP using something similar to `org.seleniumhq.selenium:selenium-devtools-v86:4.22.0` where the version ("v86") matches the version of the chromium-based browser you're using and the version number of the artifact is the same as Selenium's.
Feb 04, 2026 4:10:21 PM org.openqa.selenium.devtools.CdpVersionFinder findNearestMatch
WARNING: Unable to find CDP implementation matching 114
Feb 04, 2026 4:10:21 PM org.openqa.selenium.chromium.ChromiumDriver lambda$new$5
WARNING: Unable to find version of CDP to use for 114.0.5735.199. You may need to include a dependency on a specific version of the CDP using something similar to `org.seleniumhq.selenium:selenium-devtools-v86:4.22.0` where the version ("v86") matches the version of the chromium-based browser you're using and the version number of the artifact is the same as Selenium's.
]]></system-err>
  </testcase>
  <testcase name="Sucessful login with valid UserID and Valid Password with ddt #1" classname="Login to testautmation websites" time="6.946">
    <system-out><![CDATA[
Scenario Outline: Sucessful login with valid UserID and Valid Password with ddt # Features/LoginFeature.feature:20
  Given User launch Chrome browser                                              # StepDefinition.StepDef.user_launch_chrome_browser()
  When User opens URL "https://www.saucedemo.com/"                              # StepDefinition.StepDef.user_opens_url(java.lang.String)
  And User enter valid userID as "standard_user" and password as "secret_sauce" # StepDefinition.StepDef.user_enter_valid_user_id_as_and_password_as(java.lang.String,java.lang.String)
  And User clicks on login button.                                              # StepDefinition.StepDef.user_clicks_on_login_button()
  Then Page title should be "Swag Labs"                                         # StepDefinition.StepDef.page_title_should_be(java.lang.String)
]]></system-out>
    <system-err><![CDATA[Feb 04, 2026 4:10:28 PM org.openqa.selenium.devtools.CdpVersionFinder findNearestMatch
WARNING: Unable to find CDP implementation matching 114
Feb 04, 2026 4:10:28 PM org.openqa.selenium.chromium.ChromiumDriver lambda$new$5
WARNING: Unable to find version of CDP to use for 114.0.5735.199. You may need to include a dependency on a specific version of the CDP using something similar to `org.seleniumhq.selenium:selenium-devtools-v86:4.22.0` where the version ("v86") matches the version of the chromium-based browser you're using and the version number of the artifact is the same as Selenium's.
Feb 04, 2026 4:10:29 PM org.openqa.selenium.devtools.CdpVersionFinder findNearestMatch
WARNING: Unable to find CDP implementation matching 114
Feb 04, 2026 4:10:29 PM org.openqa.selenium.chromium.ChromiumDriver lambda$new$5
WARNING: Unable to find version of CDP to use for 114.0.5735.199. You may need to include a dependency on a specific version of the CDP using something similar to `org.seleniumhq.selenium:selenium-devtools-v86:4.22.0` where the version ("v86") matches the version of the chromium-based browser you're using and the version number of the artifact is the same as Selenium's.
]]></system-err>
  </testcase>
  <testcase name="Sucessful login with valid UserID and Valid Password with ddt #2" classname="Login to testautmation websites" time="8.266">
    <system-out><![CDATA[
Scenario Outline: Sucessful login with valid UserID and Valid Password with ddt   # Features/LoginFeature.feature:21
  Given User launch Chrome browser                                                # StepDefinition.StepDef.user_launch_chrome_browser()
  When User opens URL "https://www.saucedemo.com/"                                # StepDefinition.StepDef.user_opens_url(java.lang.String)
  And User enter valid userID as "locked_out_user" and password as "secret_sauce" # StepDefinition.StepDef.user_enter_valid_user_id_as_and_password_as(java.lang.String,java.lang.String)
  And User clicks on login button.                                                # StepDefinition.StepDef.user_clicks_on_login_button()
  Then Page title should be "Swag Labs"                                           # StepDefinition.StepDef.page_title_should_be(java.lang.String)
]]></system-out>
    <system-err><![CDATA[Feb 04, 2026 4:10:34 PM org.openqa.selenium.devtools.CdpVersionFinder findNearestMatch
WARNING: Unable to find CDP implementation matching 114
Feb 04, 2026 4:10:34 PM org.openqa.selenium.chromium.ChromiumDriver lambda$new$5
WARNING: Unable to find version of CDP to use for 114.0.5735.199. You may need to include a dependency on a specific version of the CDP using something similar to `org.seleniumhq.selenium:selenium-devtools-v86:4.22.0` where the version ("v86") matches the version of the chromium-based browser you're using and the version number of the artifact is the same as Selenium's.
Feb 04, 2026 4:10:36 PM org.openqa.selenium.devtools.CdpVersionFinder findNearestMatch
WARNING: Unable to find CDP implementation matching 114
Feb 04, 2026 4:10:36 PM org.openqa.selenium.chromium.ChromiumDriver lambda$new$5
WARNING: Unable to find version of CDP to use for 114.0.5735.199. You may need to include a dependency on a specific version of the CDP using something similar to `org.seleniumhq.selenium:selenium-devtools-v86:4.22.0` where the version ("v86") matches the version of the chromium-based browser you're using and the version number of the artifact is the same as Selenium's.
]]></system-err>
  </testcase>
  <testcase name="Sucessful login with valid UserID and Valid Password with ddt #3" classname="Login to testautmation websites" time="7.695">
    <system-out><![CDATA[
Scenario Outline: Sucessful login with valid UserID and Valid Password with ddt # Features/LoginFeature.feature:22
  Given User launch Chrome browser                                              # StepDefinition.StepDef.user_launch_chrome_browser()
  When User opens URL "https://www.saucedemo.com/"                              # StepDefinition.StepDef.user_opens_url(java.lang.String)
  And User enter valid userID as "problem_user" and password as "secret_sauce"  # StepDefinition.StepDef.user_enter_valid_user_id_as_and_password_as(java.lang.String,java.lang.String)
  And User clicks on login button.                                              # StepDefinition.StepDef.user_clicks_on_login_button()
  Then Page title should be "Swag Labs"                                         # StepDefinition.StepDef.page_title_should_be(java.lang.String)
]]></system-out>
    <system-err><![CDATA[Feb 04, 2026 4:10:43 PM org.openqa.selenium.devtools.CdpVersionFinder findNearestMatch
WARNING: Unable to find CDP implementation matching 114
Feb 04, 2026 4:10:43 PM org.openqa.selenium.chromium.ChromiumDriver lambda$new$5
WARNING: Unable to find version of CDP to use for 114.0.5735.199. You may need to include a dependency on a specific version of the CDP using something similar to `org.seleniumhq.selenium:selenium-devtools-v86:4.22.0` where the version ("v86") matches the version of the chromium-based browser you're using and the version number of the artifact is the same as Selenium's.
Feb 04, 2026 4:10:44 PM org.openqa.selenium.devtools.CdpVersionFinder findNearestMatch
WARNING: Unable to find CDP implementation matching 114
Feb 04, 2026 4:10:44 PM org.openqa.selenium.chromium.ChromiumDriver lambda$new$5
WARNING: Unable to find version of CDP to use for 114.0.5735.199. You may need to include a dependency on a specific version of the CDP using something similar to `org.seleniumhq.selenium:selenium-devtools-v86:4.22.0` where the version ("v86") matches the version of the chromium-based browser you're using and the version number of the artifact is the same as Selenium's.
]]></system-err>
  </testcase>
</testsuite>